{
  "RSpec": {
    "coverage": {
      "/home/martin/dev/orders-api/app/controllers/orders_controller.rb": {
        "lines": [
          1,
          1,
          5,
          5,
          null,
          5,
          null,
          5,
          2,
          2,
          null,
          null,
          3,
          3,
          2,
          null,
          1,
          null,
          null,
          null,
          1,
          2,
          1,
          1,
          null,
          1,
          null,
          null,
          null,
          1,
          null,
          1,
          8,
          null,
          null
        ]
      },
      "/home/martin/dev/orders-api/app/controllers/application_controller.rb": {
        "lines": [
          1,
          null
        ]
      },
      "/home/martin/dev/orders-api/app/services/customer_api_client.rb": {
        "lines": [
          1,
          null,
          1,
          1,
          1,
          null,
          1,
          4,
          4,
          null,
          null
        ]
      },
      "/home/martin/dev/orders-api/app/services/order_event_publisher.rb": {
        "lines": [
          1,
          null,
          1,
          1,
          2,
          2,
          2,
          null,
          2,
          null,
          null,
          2,
          null,
          null,
          null,
          null,
          2,
          null,
          2,
          null,
          null
        ]
      },
      "/home/martin/dev/orders-api/app/services/customer_service.rb": {
        "lines": [
          1,
          1,
          5,
          null,
          null,
          1,
          5,
          5,
          2,
          null,
          3,
          null,
          null,
          null
        ]
      },
      "/home/martin/dev/orders-api/app/services/order_creation_service.rb": {
        "lines": [
          1,
          1,
          5,
          null,
          null,
          1,
          3,
          3,
          2,
          2,
          null,
          1,
          null,
          null,
          null
        ]
      },
      "/home/martin/dev/orders-api/app/models/order.rb": {
        "lines": [
          1,
          1,
          1,
          1,
          null
        ]
      },
      "/home/martin/dev/orders-api/app/models/application_record.rb": {
        "lines": [
          1,
          1,
          null
        ]
      },
      "/home/martin/dev/orders-api/app/jobs/application_job.rb": {
        "lines": [
          0,
          null,
          null,
          null,
          null,
          null,
          0
        ],
        "branches": {}
      },
      "/home/martin/dev/orders-api/app/mailers/application_mailer.rb": {
        "lines": [
          0,
          0,
          0,
          0
        ],
        "branches": {}
      }
    },
    "timestamp": 1757540970
  }
}
